0 info it worked if it ends with ok
1 verbose cli [ 'C:\\Program Files\\nodejs\\\\node.exe',
1 verbose cli   'C:\\Program Files\\nodejs\\node_modules\\npm\\bin\\npm-cli.js',
1 verbose cli   'install',
1 verbose cli   'less-middleware' ]
2 info using npm@1.4.3
3 info using node@v0.10.26
4 verbose node symlink C:\Program Files\nodejs\\node.exe
5 verbose readDependencies using package.json deps
6 verbose cache add [ 'less-middleware@~0.1.15', null ]
7 verbose cache add name=undefined spec="less-middleware@~0.1.15" args=["less-middleware@~0.1.15",null]
8 verbose parsed url { protocol: null,
8 verbose parsed url   slashes: null,
8 verbose parsed url   auth: null,
8 verbose parsed url   host: null,
8 verbose parsed url   port: null,
8 verbose parsed url   hostname: null,
8 verbose parsed url   hash: null,
8 verbose parsed url   search: null,
8 verbose parsed url   query: null,
8 verbose parsed url   pathname: 'less-middleware@~0.1.15',
8 verbose parsed url   path: 'less-middleware@~0.1.15',
8 verbose parsed url   href: 'less-middleware@~0.1.15' }
9 verbose cache add name="less-middleware" spec="~0.1.15" args=["less-middleware","~0.1.15"]
10 verbose parsed url { protocol: null,
10 verbose parsed url   slashes: null,
10 verbose parsed url   auth: null,
10 verbose parsed url   host: null,
10 verbose parsed url   port: null,
10 verbose parsed url   hostname: null,
10 verbose parsed url   hash: null,
10 verbose parsed url   search: null,
10 verbose parsed url   query: null,
10 verbose parsed url   pathname: '~0.1.15',
10 verbose parsed url   path: '~0.1.15',
10 verbose parsed url   href: '~0.1.15' }
11 verbose addNamed [ 'less-middleware', '~0.1.15' ]
12 verbose addNamed [ null, '>=0.1.15-0 <0.2.0-0' ]
13 silly lockFile 0bd220ec-less-middleware-0-1-15 less-middleware@~0.1.15
14 verbose lock less-middleware@~0.1.15 d:\Users\ddpei\AppData\Roaming\npm-cache\0bd220ec-less-middleware-0-1-15.lock
15 silly addNameRange { name: 'less-middleware',
15 silly addNameRange   range: '>=0.1.15-0 <0.2.0-0',
15 silly addNameRange   hasData: false }
16 verbose url raw less-middleware
17 verbose url resolving [ 'http://r.cnpmjs.org/', './less-middleware' ]
18 verbose url resolved http://r.cnpmjs.org/less-middleware
19 info trying registry request attempt 1 at 15:27:47
20 http GET http://r.cnpmjs.org/less-middleware
21 info retry will retry, error on last attempt: Error: connect ETIMEDOUT
22 info trying registry request attempt 2 at 15:28:18
23 http GET http://r.cnpmjs.org/less-middleware
24 info retry will retry, error on last attempt: Error: connect ETIMEDOUT
25 info trying registry request attempt 3 at 15:29:39
26 http GET http://r.cnpmjs.org/less-middleware
27 silly lockFile 0bd220ec-less-middleware-0-1-15 less-middleware@~0.1.15
28 silly lockFile 0bd220ec-less-middleware-0-1-15 less-middleware@~0.1.15
29 error network connect ETIMEDOUT
29 error network This is most likely not a problem with npm itself
29 error network and is related to network connectivity.
29 error network In most cases you are behind a proxy or have bad network settings.
29 error network
29 error network If you are behind a proxy, please make sure that the
29 error network 'proxy' config is set properly.  See: 'npm help config'
30 error System Windows_NT 6.1.7601
31 error command "C:\\Program Files\\nodejs\\\\node.exe" "C:\\Program Files\\nodejs\\node_modules\\npm\\bin\\npm-cli.js" "install" "less-middleware"
32 error cwd D:\webserver\blog
33 error node -v v0.10.26
34 error npm -v 1.4.3
35 error syscall connect
36 error code ETIMEDOUT
37 error errno ETIMEDOUT
38 verbose exit [ 1, true ]
